Label Automator® with Weighing Option (version 5.20)			
			
Start Time:	04/25/2019 10:46		
Log File:  	201904251046.LOG		
Process File:	C:\Bohdan\Automator\Proc\Glassdel.prc		
Operator ID:	Kalle		
			
[GLOBAL SAMPLE PARAMETERS]			
--- <Rack Location #01> 4 ml  Rack F1			
    Rack ID: 190425-F1			
    Sample Input File: C:\Bohdan\Automator\Proc\GLASS\Input\KI01.smp			
--- <Rack Location #02> 4 ml  Rack F2			
    Rack ID: 190425-F2			
    Sample Input File: C:\Bohdan\Automator\Proc\GLASS\Input\KI01.smp			
--- <Rack Location #03> 4 ml  Rack F3			
    Rack ID: 190425-F3			
    Sample Input File: C:\Bohdan\Automator\Proc\GLASS\Input\KI01.smp			
--- <Rack Location #04> 4 ml  Rack F4			
    Rack ID: 190425-F4			
    Sample Input File: C:\Bohdan\Automator\Proc\GLASS\Input\KI01.smp			
			
Report Format: K			
			
[WEIGHT FORMAT]			
Weight Unit: g			
Weight Range: Coarse			
 			
[LABEL AND WEIGH]			
Labeler Setup File: C:\Bohdan\Automator\Proc\K.par			
 			
bar code            	weight#1            	rack id             	sample position     
V600001             	4.0550              	190425-F1           	1
V600002             	4.0717              	190425-F1           	2
V600003             	4.0179              	190425-F1           	3
V600004             	4.0104              	190425-F1           	4
V600005             	4.0587              	190425-F1           	5
V600006             	4.0040              	190425-F1           	6
V600007             	4.0197              	190425-F1           	7
V600008             	4.0235              	190425-F1           	8
V600009             	3.9730              	190425-F1           	9
V600010             	4.0728              	190425-F1           	10
V600011             	4.0351              	190425-F1           	11
V600012             	4.0371              	190425-F1           	12
V600013             	4.0866              	190425-F1           	13
V600014             	4.0921              	190425-F1           	14
V600015             	3.9932              	190425-F1           	15
V600016             	4.0163              	190425-F1           	16
V600017             	4.0247              	190425-F1           	17
V600018             	4.0152              	190425-F1           	18
V600019             	4.0391              	190425-F1           	19
V600020             	4.0338              	190425-F1           	20
V600021             	4.0681              	190425-F1           	21
V600022             	4.0485              	190425-F1           	22
V600023             	4.0583              	190425-F1           	23
V600024             	4.0558              	190425-F1           	24
V600025             	3.9744              	190425-F2           	1
V600026             	4.0600              	190425-F2           	2
V600027             	4.0903              	190425-F2           	3
V600028             	4.0170              	190425-F2           	4
V600029             	3.9961              	190425-F2           	5
V600030             	4.0911              	190425-F2           	6
V600031             	4.0521              	190425-F2           	7
V600032             	4.0169              	190425-F2           	8
V600033             	4.0396              	190425-F2           	9
V600034             	4.0085              	190425-F2           	10
V600035             	4.0114              	190425-F2           	11
V600036             	4.0155              	190425-F2           	12
V600037             	4.0317              	190425-F2           	13
V600038             	4.0355              	190425-F2           	14
V600039             	4.0086              	190425-F2           	15
V600040             	4.0330              	190425-F2           	16
V600041             	4.0510              	190425-F2           	17
V600042             	4.0445              	190425-F2           	18
V600043             	4.0400              	190425-F2           	19
V600044             	4.0617              	190425-F2           	20
V600045             	4.0569              	190425-F2           	21
V600046             	4.0121              	190425-F2           	22
V600047             	4.0579              	190425-F2           	23
V600048             	3.9756              	190425-F2           	24
V600049             	4.0800              	190425-F3           	1
V600050             	4.0991              	190425-F3           	2
V600051             	4.1273              	190425-F3           	3
V600052             	4.0853              	190425-F3           	4
V600053             	4.0428              	190425-F3           	5
V600054             	4.0352              	190425-F3           	6
V600055             	4.0769              	190425-F3           	7
V600056             	4.0562              	190425-F3           	8
V600057             	3.9978              	190425-F3           	9
V600058             	4.0236              	190425-F3           	10
V600059             	3.9990              	190425-F3           	11
V600060             	4.0652              	190425-F3           	12
V600061             	4.0303              	190425-F3           	13
V600062             	4.0006              	190425-F3           	14
V600063             	4.0926              	190425-F3           	15
V600064             	4.0226              	190425-F3           	16
V600065             	4.0634              	190425-F3           	17
V600066             	4.0903              	190425-F3           	18
V600067             	4.0819              	190425-F3           	19
V600068             	4.0503              	190425-F3           	20
V600069             	4.0235              	190425-F3           	21
V600070             	3.9850              	190425-F3           	22
V600071             	4.0863              	190425-F3           	23
V600072             	4.0173              	190425-F3           	24
V600073             	4.0736              	190425-F4           	1
V600074             	3.9804              	190425-F4           	2
V600075             	4.0579              	190425-F4           	3
V600076             	4.0172              	190425-F4           	4
V600077             	4.0147              	190425-F4           	5
V600078             	4.0391              	190425-F4           	6
V600079             	4.0093              	190425-F4           	7
V600080             	3.9754              	190425-F4           	8
V600081             	3.9844              	190425-F4           	9
V600082             	3.9886              	190425-F4           	10
V600083             	3.9806              	190425-F4           	11
V600084             	4.0664              	190425-F4           	12
V600085             	4.0667              	190425-F4           	13
V600086             	4.0210              	190425-F4           	14
V600087             	4.0136              	190425-F4           	15
V600088             	4.0100              	190425-F4           	16
V600089             	4.0978              	190425-F4           	17
V600090             	4.0044              	190425-F4           	18
V600091             	3.9770              	190425-F4           	19
V600092             	4.0583              	190425-F4           	20
V600093             	4.0613              	190425-F4           	21
V600094             	4.0172              	190425-F4           	22
V600095             	4.0474              	190425-F4           	23
V600096             	3.9984              	190425-F4           	24
 			
Process Completed!			
			
End Time:	04/25/2019 12:51		
			
			
Signature: ____________________________________			
