Label Automator® with Weighing Option (version 5.20)			
			
Start Time:	04/26/2019 11:41		
Log File:  	201904261141.LOG		
Process File:	C:\Bohdan\Automator\Proc\Glassdel.prc		
Operator ID:	Kalle		
			
[GLOBAL SAMPLE PARAMETERS]			
--- <Rack Location #01> 4 ml  Rack F1			
    Rack ID: 190428-F1			
    Sample Input File: C:\Bohdan\Automator\Proc\GLASS\Input\KI04.smp			
--- <Rack Location #02> 4 ml  Rack F2			
    Rack ID: 190428-F2			
    Sample Input File: C:\Bohdan\Automator\Proc\GLASS\Input\KI04.smp			
--- <Rack Location #03> 4 ml  Rack F3			
    Rack ID: 190428-F3			
    Sample Input File: C:\Bohdan\Automator\Proc\GLASS\Input\KI04.smp			
--- <Rack Location #04> 4 ml  Rack F4			
    Rack ID: 190428-F4			
    Sample Input File: C:\Bohdan\Automator\Proc\GLASS\Input\KI04.smp			
			
Report Format: K			
			
[WEIGHT FORMAT]			
Weight Unit: g			
Weight Range: Coarse			
 			
[LABEL AND WEIGH]			
Labeler Setup File: C:\Bohdan\Automator\Proc\K.par			
 			
bar code            	weight#1            	rack id             	sample position     
V600289             	4.0954              	190428-F1           	1
V600290             	4.0632              	190428-F1           	2
V600291             	4.0933              	190428-F1           	3
V600292             	4.0036              	190428-F1           	4
V600293             	4.0040              	190428-F1           	5
V600294             	3.9516              	190428-F1           	6
V600295             	3.9860              	190428-F1           	7
V600296             	4.0512              	190428-F1           	8
V600297             	3.9994              	190428-F1           	9
V600298             	4.0776              	190428-F1           	10
V600299             	4.0775              	190428-F1           	11
V600300             	4.0678              	190428-F1           	12
V600301             	4.0251              	190428-F1           	13
V600302             	4.0178              	190428-F1           	14
V600303             	4.0622              	190428-F1           	15
V600304             	4.0165              	190428-F1           	16
V600305             	3.9435              	190428-F1           	17
V600306             	4.0565              	190428-F1           	18
V600307             	4.1024              	190428-F1           	19
V600308             	4.0132              	190428-F1           	20
V600309             	4.0032              	190428-F1           	21
V600310             	4.0625              	190428-F1           	22
V600311             	4.0668              	190428-F1           	23
V600312             	4.0596              	190428-F1           	24
V600313             	3.9873              	190428-F2           	1
V600314             	4.0719              	190428-F2           	2
V600315             	4.0898              	190428-F2           	3
V600316             	4.0779              	190428-F2           	4
V600317             	4.0375              	190428-F2           	5
V600318             	4.0649              	190428-F2           	6
V600319             	4.0184              	190428-F2           	7
V600320             	3.9764              	190428-F2           	8
V600321             	3.9992              	190428-F2           	9
V600322             	4.0246              	190428-F2           	10
V600323             	4.0071              	190428-F2           	11
V600324             	4.0297              	190428-F2           	12
V600325             	4.0651              	190428-F2           	13
V600326             	4.0058              	190428-F2           	14
V600327             	4.0000              	190428-F2           	15
V600328             	4.0558              	190428-F2           	16
V600329             	4.0698              	190428-F2           	17
V600330             	4.0073              	190428-F2           	18
V600331             	4.0809              	190428-F2           	19
V600332             	3.9972              	190428-F2           	20
V600333             	4.0520              	190428-F2           	21
V600334             	4.0023              	190428-F2           	22
V600335             	4.0742              	190428-F2           	23
V600336             	4.0062              	190428-F2           	24
V600337             	3.9981              	190428-F3           	1
V600338             	4.0883              	190428-F3           	2
V600339             	4.0442              	190428-F3           	3
V600340             	4.0525              	190428-F3           	4
V600341             	4.0124              	190428-F3           	5
V600342             	3.9867              	190428-F3           	6
V600343             	4.0643              	190428-F3           	7
V600344             	4.0051              	190428-F3           	8
V600345             	4.1110              	190428-F3           	9
V600346             	4.0359              	190428-F3           	10
V600347             	4.0968              	190428-F3           	11
V600348             	4.0313              	190428-F3           	12
V600349             	4.0138              	190428-F3           	13
V600350             	4.0638              	190428-F3           	14
V600351             	3.9864              	190428-F3           	15
V600352             	4.0687              	190428-F3           	16
V600353             	4.0756              	190428-F3           	17
V600354             	4.0216              	190428-F3           	18
V600355             	4.0769              	190428-F3           	19
V600356             	4.0221              	190428-F3           	20
V600357             	3.9867              	190428-F3           	21
V600358             	3.9878              	190428-F3           	22
V600359             	4.0246              	190428-F3           	23
V600360             	3.9997              	190428-F3           	24
V600361             	4.0442              	190428-F4           	1
V600362             	4.0817              	190428-F4           	2
V600363             	4.0155              	190428-F4           	3
V600364             	3.9870              	190428-F4           	4
V600365             	4.0633              	190428-F4           	5
V600366             	4.0280              	190428-F4           	6
V600367             	4.0418              	190428-F4           	7
V600368             	4.0058              	190428-F4           	8
V600369             	4.0793              	190428-F4           	9
V600370             	4.0278              	190428-F4           	10
V600371             	4.0753              	190428-F4           	11
V600372             	4.0471              	190428-F4           	12
V600373             	4.0972              	190428-F4           	13
V600374             	3.9768              	190428-F4           	14
V600375             	4.0115              	190428-F4           	15
V600376             	4.0033              	190428-F4           	16
V600377             	3.9958              	190428-F4           	17
V600378             	4.0164              	190428-F4           	18
V600379             	4.0764              	190428-F4           	19
V600380             	3.9879              	190428-F4           	20
V600381             	4.0324              	190428-F4           	21
V600382             	4.0759              	190428-F4           	22
V600383             	4.0892              	190428-F4           	23
V600384             	3.9814              	190428-F4           	24
 			
Process Completed!			
			
End Time:	04/26/2019 13:46		
			
			
Signature: ____________________________________			
