Label Automator® with Weighing Option (version 5.20)			
			
Start Time:	04/29/2019 13:51		
Log File:  	201904291351.LOG		
Process File:	C:\Bohdan\Automator\Proc\Glassdel.prc		
Operator ID:	Kalle		
			
[GLOBAL SAMPLE PARAMETERS]			
--- <Rack Location #01> 4 ml  Rack F1			
    Rack ID: 190421-F1			
    Sample Input File: C:\Bohdan\Automator\Proc\GLASS\Input\KI07.smp			
--- <Rack Location #02> 4 ml  Rack F2			
    Rack ID: 190421-F2			
    Sample Input File: C:\Bohdan\Automator\Proc\GLASS\Input\KI07.smp			
--- <Rack Location #03> 4 ml  Rack F3			
    Rack ID: 190421-F3			
    Sample Input File: C:\Bohdan\Automator\Proc\GLASS\Input\KI07.smp			
--- <Rack Location #04> 4 ml  Rack F4			
    Rack ID: 190421-F4			
    Sample Input File: C:\Bohdan\Automator\Proc\GLASS\Input\KI07.smp			
			
Report Format: K			
			
[WEIGHT FORMAT]			
Weight Unit: g			
Weight Range: Coarse			
 			
[LABEL AND WEIGH]			
Labeler Setup File: C:\Bohdan\Automator\Proc\K.par			
 			
bar code            	weight#1            	rack id             	sample position     
V600577             	4.0066              	190421-F1           	1
V600578             	4.0024              	190421-F1           	2
V600579             	4.0344              	190421-F1           	3
V600580             	3.9799              	190421-F1           	4
V600581             	4.0045              	190421-F1           	5
V600582             	3.9998              	190421-F1           	6
V600583             	3.9850              	190421-F1           	7
V600584             	4.0499              	190421-F1           	8
V600585             	4.0139              	190421-F1           	9
V600586             	4.0235              	190421-F1           	10
V600587             	4.0543              	190421-F1           	11
V600588             	3.9768              	190421-F1           	12
V600589             	4.0339              	190421-F1           	13
V600590             	4.0299              	190421-F1           	14
V600591             	3.9755              	190421-F1           	15
V600592             	4.0364              	190421-F1           	16
V600593             	3.9879              	190421-F1           	17
V600594             	4.0307              	190421-F1           	18
V600595             	3.9972              	190421-F1           	19
V600596             	4.0493              	190421-F1           	20
V600597             	3.9687              	190421-F1           	21
V600598             	3.9785              	190421-F1           	22
V600599             	4.0067              	190421-F1           	23
V600600             	3.9971              	190421-F1           	24
V600601             	3.9885              	190421-F2           	1
V600602             	4.0075              	190421-F2           	2
V600603             	4.0111              	190421-F2           	3
V600604             	4.0160              	190421-F2           	4
V600605             	4.0076              	190421-F2           	5
V600606             	4.0080              	190421-F2           	6
V600607             	4.0317              	190421-F2           	7
V600608             	3.9939              	190421-F2           	8
V600609             	4.0023              	190421-F2           	9
V600610             	3.9981              	190421-F2           	10
V600611             	3.9737              	190421-F2           	11
V600612             	4.0222              	190421-F2           	12
V600613             	4.0141              	190421-F2           	13
V600614             	4.0348              	190421-F2           	14
V600615             	3.9829              	190421-F2           	15
V600616             	4.0479              	190421-F2           	16
V600617             	3.9693              	190421-F2           	17
V600618             	3.9896              	190421-F2           	18
V600619             	4.0226              	190421-F2           	19
V600620             	4.0031              	190421-F2           	20
V600621             	3.9955              	190421-F2           	21
V600622             	4.0209              	190421-F2           	22
V600623             	4.0423              	190421-F2           	23
V600624             	3.9838              	190421-F2           	24
V600625             	4.0255              	190421-F3           	1
V600626             	3.9632              	190421-F3           	2
V600627             	4.0376              	190421-F3           	3
V600628             	4.0129              	190421-F3           	4
V600629             	4.0118              	190421-F3           	5
V600630             	4.0504              	190421-F3           	6
V600631             	3.9989              	190421-F3           	7
V600632             	4.0047              	190421-F3           	8
V600633             	4.0516              	190421-F3           	9
V600634             	4.0134              	190421-F3           	10
V600635             	3.9887              	190421-F3           	11
V600636             	3.9994              	190421-F3           	12
V600637             	3.9682              	190421-F3           	13
V600638             	3.9944              	190421-F3           	14
V600639             	4.0416              	190421-F3           	15
V600640             	3.9965              	190421-F3           	16
V600641             	3.9761              	190421-F3           	17
V600642             	4.0152              	190421-F3           	18
V600643             	4.0519              	190421-F3           	19
V600644             	4.0495              	190421-F3           	20
V600645             	4.0030              	190421-F3           	21
V600646             	4.0113              	190421-F3           	22
V600647             	4.0397              	190421-F3           	23
V600648             	4.0229              	190421-F3           	24
V600649             	3.9991              	190421-F4           	1
V600650             	4.0200              	190421-F4           	2
V600651             	4.0280              	190421-F4           	3
V600652             	3.9922              	190421-F4           	4
V600653             	4.0313              	190421-F4           	5
V600654             	4.0068              	190421-F4           	6
V600655             	3.9905              	190421-F4           	7
V600656             	3.9858              	190421-F4           	8
V600657             	4.0003              	190421-F4           	9
V600658             	4.0438              	190421-F4           	10
V600659             	4.0206              	190421-F4           	11
V600660             	4.0042              	190421-F4           	12
V600661             	4.0097              	190421-F4           	13
V600662             	4.0086              	190421-F4           	14
V600663             	3.9750              	190421-F4           	15
V600664             	3.9945              	190421-F4           	16
V600665             	3.9847              	190421-F4           	17
V600666             	3.9634              	190421-F4           	18
V600667             	4.0337              	190421-F4           	19
V600668             	3.9975              	190421-F4           	20
V600669             	4.0330              	190421-F4           	21
V600670             	4.0693              	190421-F4           	22
V600671             	3.9845              	190421-F4           	23
V600672             	4.0062              	190421-F4           	24
 			
Process Completed!			
			
End Time:	04/29/2019 15:56		
			
			
Signature: ____________________________________			
