Label Automator® with Weighing Option (version 5.20)			
			
Start Time:	04/30/2019 13:44		
Log File:  	201904301344.LOG		
Process File:	C:\Bohdan\Automator\Proc\Glassdel.prc		
Operator ID:	Kalle		
			
[GLOBAL SAMPLE PARAMETERS]			
--- <Rack Location #01> 4 ml  Rack F1			
    Rack ID: 190431-F1			
    Sample Input File: C:\Bohdan\Automator\Proc\GLASS\Input\KI09.smp			
--- <Rack Location #02> 4 ml  Rack F2			
    Rack ID: 190431-F2			
    Sample Input File: C:\Bohdan\Automator\Proc\GLASS\Input\KI09.smp			
--- <Rack Location #03> 4 ml  Rack F3			
    Rack ID: 190431-F3			
    Sample Input File: C:\Bohdan\Automator\Proc\GLASS\Input\KI09.smp			
--- <Rack Location #04> 4 ml  Rack F4			
    Rack ID: 190431-F4			
    Sample Input File: C:\Bohdan\Automator\Proc\GLASS\Input\KI09.smp			
			
Report Format: K			
			
[WEIGHT FORMAT]			
Weight Unit: g			
Weight Range: Coarse			
 			
[LABEL AND WEIGH]			
Labeler Setup File: C:\Bohdan\Automator\Proc\K.par			
 			
bar code            	weight#1            	rack id             	sample position     
V600769             	4.0572              	190431-F1           	1
V600770             	4.1010              	190431-F1           	2
V600771             	4.0046              	190431-F1           	3
V600772             	4.1121              	190431-F1           	4
V600773             	3.9903              	190431-F1           	5
V600774             	4.0248              	190431-F1           	6
V600775             	3.9994              	190431-F1           	7
V600776             	4.0351              	190431-F1           	8
V600777             	4.0105              	190431-F1           	9
V600778             	4.0739              	190431-F1           	10
V600779             	3.9830              	190431-F1           	11
V600780             	4.0503              	190431-F1           	12
V600781             	4.0588              	190431-F1           	13
V600782             	4.0533              	190431-F1           	14
V600783             	4.0222              	190431-F1           	15
V600784             	4.0363              	190431-F1           	16
V600785             	4.0690              	190431-F1           	17
V600786             	4.0759              	190431-F1           	18
V600787             	4.1063              	190431-F1           	19
V600788             	4.0831              	190431-F1           	20
V600789             	4.0674              	190431-F1           	21
V600790             	4.0495              	190431-F1           	22
V600791             	3.9801              	190431-F1           	23
V600792             	3.9748              	190431-F1           	24
V600793             	4.0401              	190431-F2           	1
V600794             	4.0738              	190431-F2           	2
V600795             	3.9915              	190431-F2           	3
V600796             	4.0775              	190431-F2           	4
V600797             	4.0684              	190431-F2           	5
V600798             	4.0206              	190431-F2           	6
V600799             	3.9860              	190431-F2           	7
V600800             	3.9974              	190431-F2           	8
V600801             	4.0083              	190431-F2           	9
V600802             	4.0665              	190431-F2           	10
V600803             	4.0852              	190431-F2           	11
V600804             	4.0551              	190431-F2           	12
V600805             	3.9879              	190431-F2           	13
V600806             	4.0849              	190431-F2           	14
V600807             	4.0992              	190431-F2           	15
V600808             	4.0629              	190431-F2           	16
V600809             	4.0072              	190431-F2           	17
V600810             	3.9968              	190431-F2           	18
V600811             	4.0193              	190431-F2           	19
V600812             	4.0421              	190431-F2           	20
V600813             	4.0540              	190431-F2           	21
V600814             	4.0506              	190431-F2           	22
V600815             	4.0127              	190431-F2           	23
V600816             	4.0379              	190431-F2           	24
V600817             	4.0935              	190431-F3           	1
V600818             	4.0097              	190431-F3           	2
V600819             	4.0764              	190431-F3           	3
V600820             	4.0686              	190431-F3           	4
V600821             	3.9824              	190431-F3           	5
V600822             	3.9924              	190431-F3           	6
V600823             	4.0039              	190431-F3           	7
V600824             	3.9829              	190431-F3           	8
V600825             	4.0686              	190431-F3           	9
V600826             	4.0048              	190431-F3           	10
V600827             	4.0220              	190431-F3           	11
V600828             	3.9994              	190431-F3           	12
V600829             	4.0269              	190431-F3           	13
V600830             	4.0775              	190431-F3           	14
V600831             	4.0751              	190431-F3           	15
V600832             	4.0472              	190431-F3           	16
V600833             	4.0812              	190431-F3           	17
V600834             	4.0435              	190431-F3           	18
V600835             	3.9923              	190431-F3           	19
V600836             	4.0120              	190431-F3           	20
V600837             	4.0863              	190431-F3           	21
V600838             	4.1021              	190431-F3           	22
V600839             	3.9830              	190431-F3           	23
V600840             	4.0757              	190431-F3           	24
V600841             	4.0619              	190431-F4           	1
V600842             	4.0976              	190431-F4           	2
V600843             	4.0924              	190431-F4           	3
V600844             	4.0632              	190431-F4           	4
V600845             	3.9967              	190431-F4           	5
V600846             	4.0488              	190431-F4           	6
V600847             	4.0805              	190431-F4           	7
V600848             	4.0807              	190431-F4           	8
V600849             	3.9814              	190431-F4           	9
V600850             	3.9942              	190431-F4           	10
V600851             	4.0473              	190431-F4           	11
V600852             	4.0448              	190431-F4           	12
V600853             	4.1081              	190431-F4           	13
V600854             	3.9876              	190431-F4           	14
V600855             	4.0168              	190431-F4           	15
V600856             	4.0543              	190431-F4           	16
V600857             	4.0634              	190431-F4           	17
V600858             	4.0922              	190431-F4           	18
V600859             	4.0536              	190431-F4           	19
V600860             	4.0291              	190431-F4           	20
V600861             	4.0836              	190431-F4           	21
V600862             	4.0417              	190431-F4           	22
V600863             	4.0835              	190431-F4           	23
V600864             	3.9730              	190431-F4           	24
