Label Automator® with Weighing Option (version 5.20)

Start Time:	05/07/2019 10:43
Log File:  	201905071043.LOG
Process File:	C:\Bohdan\Automator\Proc\Glasdel2.prc
Operator ID:	Kalle

[GLOBAL SAMPLE PARAMETERS]
--- <Rack Location #01> 4 ml  Rack F1
    Rack ID: 190504-F1
    Sample Input File: C:\Bohdan\Automator\Proc\GLASS\Input\KI13.smp
--- <Rack Location #02> 4 ml  Rack F2
    Rack ID: 190504-F2
    Sample Input File: C:\Bohdan\Automator\Proc\GLASS\Input\KI13.smp
--- <Rack Location #03> 4 ml  Rack F3
    Rack ID: 190504-F3
    Sample Input File: C:\Bohdan\Automator\Proc\GLASS\Input\KI13.smp
--- <Rack Location #04> 4 ml  Rack F4
    Rack ID: 190504-F4
    Sample Input File: C:\Bohdan\Automator\Proc\GLASS\Input\KI13.smp

Report Format: K

[WEIGHT FORMAT]
Weight Unit: g
Weight Range: Coarse
 
[LABEL AND WEIGH]
Labeler Setup File: C:\Bohdan\Automator\Proc\K.par
 
bar code            	weight#1            	rack id             	sample position     
V601153             	3.8992              	190504-F1           	1                   
V601154             	3.9210              	190504-F1           	2                   
V601155             	3.9571              	190504-F1           	3                   
V601156             	3.9643              	190504-F1           	4                   
V601157             	3.9344              	190504-F1           	5                   
V601158             	3.9688              	190504-F1           	6                   
V601159             	3.9977              	190504-F1           	7                   
V601160             	4.0184              	190504-F1           	8                   
V601161             	3.9722              	190504-F1           	9                   
V601162             	3.9374              	190504-F1           	10                  
V601163             	4.0370              	190504-F1           	11                  
V601164             	3.9128              	190504-F1           	12                  
V601165             	4.0326              	190504-F1           	13                  
V601166             	3.9993              	190504-F1           	14                  
V601167             	4.0465              	190504-F1           	15                  
V601168             	3.9689              	190504-F1           	16                  
V601169             	3.9924              	190504-F1           	17                  
V601170             	3.9409              	190504-F1           	18                  
V601171             	4.0378              	190504-F1           	19                  
V601172             	3.9224              	190504-F1           	20                  
V601173             	3.9288              	190504-F1           	21                  
V601174             	4.0152              	190504-F1           	22                  
V601175             	3.9685              	190504-F1           	23                  
V601176             	4.0148              	190504-F1           	24                  
V601177             	4.0045              	190504-F2           	1                   
V601178             	3.9521              	190504-F2           	2                   
V601179             	4.0309              	190504-F2           	3                   
V601180             	3.9901              	190504-F2           	4                   
V601181             	3.9441              	190504-F2           	5                   
V601182             	3.9449              	190504-F2           	6                   
V601183             	4.0233              	190504-F2           	7                   
V601184             	3.9255              	190504-F2           	8                   
V601185             	3.9611              	190504-F2           	9                   
V601186             	4.0067              	190504-F2           	10                  
V601187             	3.9707              	190504-F2           	11                  
V601188             	4.0697              	190504-F2           	12                  
V601189             	3.9679              	190504-F2           	13                  
V601190             	3.9705              	190504-F2           	14                  
V601191             	4.0143              	190504-F2           	15                  
V601192             	3.9527              	190504-F2           	16                  
V601193             	3.9393              	190504-F2           	17                  
V601194             	3.9560              	190504-F2           	18                  
V601195             	3.9997              	190504-F2           	19                  
V601196             	3.9725              	190504-F2           	20                  
V601197             	3.9310              	190504-F2           	21                  
V601198             	3.9647              	190504-F2           	22                  
V601199             	4.0444              	190504-F2           	23                  
V601200             	4.0142              	190504-F2           	24                  
V601201             	3.9657              	190504-F3           	1                   
V601202             	3.9791              	190504-F3           	2                   
V601203             	3.9581              	190504-F3           	3                   
V601204             	3.9514              	190504-F3           	4                   
V601205             	3.9639              	190504-F3           	5                   
V601206             	3.9212              	190504-F3           	6                   
V601207             	3.9500              	190504-F3           	7                   
V601208             	3.9232              	190504-F3           	8                   
V601209             	4.0356              	190504-F3           	9                   
V601210             	3.9498              	190504-F3           	10                  
V601211             	4.0123              	190504-F3           	11                  
V601212             	4.0032              	190504-F3           	12                  
V601213             	4.0236              	190504-F3           	13                  
V601214             	4.0604              	190504-F3           	14                  
V601215             	4.0058              	190504-F3           	15                  
V601216             	4.0090              	190504-F3           	16                  
V601217             	3.9789              	190504-F3           	17                  
V601218             	3.9971              	190504-F3           	18                  
V601219             	4.0861              	190504-F3           	19                  
V601220             	3.9859              	190504-F3           	20                  
V601221             	3.9903              	190504-F3           	21                  
V601222             	4.0468              	190504-F3           	22                  
V601223             	3.9859              	190504-F3           	23                  
V601224             	3.9110              	190504-F3           	24                  
V601225             	3.9457              	190504-F4           	1                   
V601226             	3.9500              	190504-F4           	2                   
V601227             	3.9935              	190504-F4           	3                   
V601228             	3.9636              	190504-F4           	4                   
V601229             	3.9233              	190504-F4           	5                   
V601230             	3.9961              	190504-F4           	6                   
V601231             	3.9240              	190504-F4           	7                   
V601232             	4.0329              	190504-F4           	8                   
V601233             	4.0411              	190504-F4           	9                   
V601234             	4.0119              	190504-F4           	10                  
V601235             	3.9682              	190504-F4           	11                  
V601236             	3.9583              	190504-F4           	12                  
V601237             	4.0002              	190504-F4           	13                  
V601238             	4.0017              	190504-F4           	14                  
V601239             	3.9539              	190504-F4           	15                  
V601240             	4.0577              	190504-F4           	16                  
V601241             	3.9308              	190504-F4           	17                  
V601242             	4.0271              	190504-F4           	18                  
V601243             	4.0386              	190504-F4           	19                  
V601244             	3.9538              	190504-F4           	20                  
V601245             	3.9488              	190504-F4           	21                  
V601246             	3.9508              	190504-F4           	22                  
V601247             	4.0347              	190504-F4           	23                  
V601248             	3.9183              	190504-F4           	24                  
 
Process Completed!

End Time:	05/07/2019 12:48


Signature: ____________________________________
