Label Automator® with Weighing Option (version 5.20)

Start Time:	05/07/2019 13:08
Log File:  	201905071308.LOG
Process File:	C:\Bohdan\Automator\Proc\Glasdel2.prc
Operator ID:	Kalle

[GLOBAL SAMPLE PARAMETERS]
--- <Rack Location #01> 4 ml  Rack F1
    Rack ID: 190505-F1
    Sample Input File: C:\Bohdan\Automator\Proc\GLASS\Input\KI14.smp
--- <Rack Location #02> 4 ml  Rack F2
    Rack ID: 190505-F2
    Sample Input File: C:\Bohdan\Automator\Proc\GLASS\Input\KI14.smp
--- <Rack Location #03> 4 ml  Rack F3
    Rack ID: 190505-F3
    Sample Input File: C:\Bohdan\Automator\Proc\GLASS\Input\KI14.smp
--- <Rack Location #04> 4 ml  Rack F4
    Rack ID: 190505-F4
    Sample Input File: C:\Bohdan\Automator\Proc\GLASS\Input\KI14.smp

Report Format: K

[WEIGHT FORMAT]
Weight Unit: g
Weight Range: Coarse
 
[LABEL AND WEIGH]
Labeler Setup File: C:\Bohdan\Automator\Proc\K.par
 
bar code            	weight#1            	rack id             	sample position     
V601249             	4.0357              	190505-F1           	1                   
V601250             	4.0712              	190505-F1           	2                   
V601251             	3.9553              	190505-F1           	3                   
V601252             	4.0058              	190505-F1           	4                   
V601253             	4.0025              	190505-F1           	5                   
V601254             	3.9827              	190505-F1           	6                   
V601255             	4.0424              	190505-F1           	7                   
V601256             	4.0230              	190505-F1           	8                   
V601257             	4.0186              	190505-F1           	9                   
V601258             	3.9364              	190505-F1           	10                  
V601259             	3.9341              	190505-F1           	11                  
V601260             	4.0514              	190505-F1           	12                  
V601261             	3.9539              	190505-F1           	13                  
V601262             	3.9430              	190505-F1           	14                  
V601263             	4.0371              	190505-F1           	15                  
V601264             	3.9649              	190505-F1           	16                  
V601265             	4.0954              	190505-F1           	17                  
V601266             	4.0652              	190505-F1           	18                  
V601267             	4.0253              	190505-F1           	19                  
V601268             	4.0635              	190505-F1           	20                  
V601269             	3.9668              	190505-F1           	21                  
V601270             	3.9363              	190505-F1           	22                  
V601271             	3.9471              	190505-F1           	23                  
V601272             	4.0132              	190505-F1           	24                  
V601273             	4.0277              	190505-F2           	1                   
V601274             	4.0219              	190505-F2           	2                   
V601275             	4.0303              	190505-F2           	3                   
V601276             	3.8993              	190505-F2           	4                   
V601277             	4.0223              	190505-F2           	5                   
V601278             	3.9500              	190505-F2           	6                   
V601279             	4.0369              	190505-F2           	7                   
V601280             	4.0632              	190505-F2           	8                   
V601281             	3.9937              	190505-F2           	9                   
V601282             	3.8872              	190505-F2           	10                  
V601283             	4.0036              	190505-F2           	11                  
V601284             	3.9893              	190505-F2           	12                  
V601285             	4.0014              	190505-F2           	13                  
V601286             	4.0500              	190505-F2           	14                  
V601287             	4.0115              	190505-F2           	15                  
V601288             	4.0259              	190505-F2           	16                  
V601289             	3.9801              	190505-F2           	17                  
V601290             	4.1005              	190505-F2           	18                  
V601291             	3.9646              	190505-F2           	19                  
V601292             	4.0238              	190505-F2           	20                  
V601293             	3.9520              	190505-F2           	21                  
V601294             	3.9716              	190505-F2           	22                  
V601295             	3.9507              	190505-F2           	23                  
V601296             	3.9164              	190505-F2           	24                  
V601297             	3.9883              	190505-F3           	1                   
V601298             	3.9140              	190505-F3           	2                   
V601299             	4.0053              	190505-F3           	3                   
V601300             	4.0305              	190505-F3           	4                   
V601301             	3.9883              	190505-F3           	5                   
V601302             	3.9533              	190505-F3           	6                   
V601303             	4.0344              	190505-F3           	7                   
V601304             	3.9170              	190505-F3           	8                   
V601305             	3.9909              	190505-F3           	9                   
V601306             	4.0087              	190505-F3           	10                  
V601307             	3.9355              	190505-F3           	11                  
V601308             	3.9055              	190505-F3           	12                  
V601309             	3.9476              	190505-F3           	13                  
V601310             	4.0470              	190505-F3           	14                  
V601311             	3.9676              	190505-F3           	15                  
V601312             	4.0452              	190505-F3           	16                  
V601313             	3.9639              	190505-F3           	17                  
V601314             	3.9723              	190505-F3           	18                  
V601315             	3.9547              	190505-F3           	19                  
V601316             	3.9257              	190505-F3           	20                  
V601317             	3.9440              	190505-F3           	21                  
V601318             	4.0322              	190505-F3           	22                  
V601319             	3.9259              	190505-F3           	23                  
V601320             	3.9783              	190505-F3           	24                  
V601321             	4.0587              	190505-F4           	1                   
V601322             	4.0117              	190505-F4           	2                   
V601323             	3.9869              	190505-F4           	3                   
V601324             	3.9510              	190505-F4           	4                   
V601325             	4.0529              	190505-F4           	5                   
V601326             	4.0180              	190505-F4           	6                   
V601327             	4.0116              	190505-F4           	7                   
V601328             	4.0500              	190505-F4           	8                   
V601329             	3.9645              	190505-F4           	9                   
V601330             	3.9741              	190505-F4           	10                  
V601331             	4.0061              	190505-F4           	11                  
V601332             	3.9506              	190505-F4           	12                  
V601333             	4.0344              	190505-F4           	13                  
V601334             	4.0434              	190505-F4           	14                  
V601335             	3.9111              	190505-F4           	15                  
V601336             	4.0483              	190505-F4           	16                  
V601337             	3.9267              	190505-F4           	17                  
V601338             	3.9812              	190505-F4           	18                  
V601339             	3.9888              	190505-F4           	19                  
V601340             	3.9449              	190505-F4           	20                  
V601341             	4.0036              	190505-F4           	21                  
V601342             	3.8912              	190505-F4           	22                  
V601343             	3.9724              	190505-F4           	23                  
V601344             	3.9905              	190505-F4           	24                  
 
Process Completed!

End Time:	05/07/2019 15:13


Signature: ____________________________________
