Label Automator® with Weighing Option (version 5.20)			
			
Start Time:	05/10/2019 10:54		
Log File:  	201905101054.LOG		
Process File:	C:\Bohdan\Automator\Proc\Glasdel2.prc		
Operator ID:	Kalle		
			
[GLOBAL SAMPLE PARAMETERS]			
--- <Rack Location #01> 4 ml  Rack F1			
    Rack ID: 190510-F1			
    Sample Input File: C:\Bohdan\Automator\Proc\GLASS\Input\KI19.smp			
--- <Rack Location #02> 4 ml  Rack F2			
    Rack ID: 190510-F2			
    Sample Input File: C:\Bohdan\Automator\Proc\GLASS\Input\KI19.smp			
--- <Rack Location #03> 4 ml  Rack F3			
    Rack ID: 190510-F3			
    Sample Input File: C:\Bohdan\Automator\Proc\GLASS\Input\KI19.smp			
--- <Rack Location #04> 4 ml  Rack F4			
    Rack ID: 190510-F4			
    Sample Input File: C:\Bohdan\Automator\Proc\GLASS\Input\KI19.smp			
			
Report Format: K			
			
[WEIGHT FORMAT]			
Weight Unit: g			
Weight Range: Coarse			
 			
[LABEL AND WEIGH]			
Labeler Setup File: C:\Bohdan\Automator\Proc\K.par			
 			
bar code            	weight#1            	rack id             	sample position     
V601729             	3.9511              	190510-F1           	1
V601730             	4.0733              	190510-F1           	2
V601731             	4.0116              	190510-F1           	3
V601732             	4.0529              	190510-F1           	4
V601733             	4.0071              	190510-F1           	5
V601734             	4.0113              	190510-F1           	6
V601735             	3.9551              	190510-F1           	7
V601736             	4.0185              	190510-F1           	8
V601737             	3.8996              	190510-F1           	9
V601738             	3.9493              	190510-F1           	10
V601739             	3.9909              	190510-F1           	11
V601740             	4.0536              	190510-F1           	12
V601741             	3.9690              	190510-F1           	13
V601742             	4.0548              	190510-F1           	14
V601743             	4.0405              	190510-F1           	15
V601744             	3.9670              	190510-F1           	16
V601745             	3.9632              	190510-F1           	17
V601746             	4.0320              	190510-F1           	18
V601747             	3.9973              	190510-F1           	19
V601748             	4.0290              	190510-F1           	20
V601749             	3.9743              	190510-F1           	21
V601750             	3.9563              	190510-F1           	22
V601751             	4.0059              	190510-F1           	23
V601752             	3.9324              	190510-F1           	24
V601753             	3.9328              	190510-F2           	1
V601754             	4.0204              	190510-F2           	2
V601755             	4.0144              	190510-F2           	3
V601756             	3.9692              	190510-F2           	4
V601757             	3.9657              	190510-F2           	5
V601758             	3.9664              	190510-F2           	6
V601759             	3.9493              	190510-F2           	7
V601760             	3.9996              	190510-F2           	8
V601761             	3.9334              	190510-F2           	9
V601762             	3.9683              	190510-F2           	10
V601763             	3.9295              	190510-F2           	11
V601764             	4.0194              	190510-F2           	12
V601765             	3.9019              	190510-F2           	13
V601766             	3.9634              	190510-F2           	14
V601767             	3.9734              	190510-F2           	15
V601768             	3.9409              	190510-F2           	16
V601769             	4.0429              	190510-F2           	17
V601770             	3.9475              	190510-F2           	18
V601771             	3.9961              	190510-F2           	19
V601772             	4.0354              	190510-F2           	20
V601773             	4.0039              	190510-F2           	21
V601774             	3.9945              	190510-F2           	22
V601775             	4.0749              	190510-F2           	23
V601776             	3.9420              	190510-F2           	24
V601777             	4.0333              	190510-F3           	1
V601778             	3.9354              	190510-F3           	2
V601779             	4.0257              	190510-F3           	3
V601780             	3.9372              	190510-F3           	4
V601781             	3.9422              	190510-F3           	5
V601782             	4.0248              	190510-F3           	6
V601783             	4.0333              	190510-F3           	7
V601784             	3.9664              	190510-F3           	8
V601785             	3.9989              	190510-F3           	9
V601786             	4.0256              	190510-F3           	10
V601787             	3.9530              	190510-F3           	11
V601788             	3.9254              	190510-F3           	12
V601789             	4.0459              	190510-F3           	13
V601790             	4.0452              	190510-F3           	14
V601791             	3.9752              	190510-F3           	15
V601792             	4.0340              	190510-F3           	16
V601793             	3.9789              	190510-F3           	17
V601794             	4.0379              	190510-F3           	18
V601795             	4.0317              	190510-F3           	19
V601796             	3.9278              	190510-F3           	20
V601797             	3.9887              	190510-F3           	21
V601798             	3.9636              	190510-F3           	22
V601799             	4.0026              	190510-F3           	23
V601800             	4.0527              	190510-F3           	24
V601801             	3.9074              	190510-F4           	1
V601802             	3.9667              	190510-F4           	2
V601803             	3.9605              	190510-F4           	3
V601804             	3.9275              	190510-F4           	4
V601805             	4.0287              	190510-F4           	5
V601806             	3.9533              	190510-F4           	6
V601807             	3.9798              	190510-F4           	7
V601808             	4.0001              	190510-F4           	8
V601809             	4.0840              	190510-F4           	9
V601810             	3.9722              	190510-F4           	10
V601811             	3.9573              	190510-F4           	11
V601812             	3.9646              	190510-F4           	12
V601813             	3.9676              	190510-F4           	13
V601814             	3.9260              	190510-F4           	14
V601815             	3.9201              	190510-F4           	15
V601816             	4.0359              	190510-F4           	16
V601817             	3.9645              	190510-F4           	17
V601818             	3.9440              	190510-F4           	18
V601819             	4.0080              	190510-F4           	19
V601820             	3.9472              	190510-F4           	20
V601821             	3.9623              	190510-F4           	21
V601822             	3.9070              	190510-F4           	22
V601823             	3.9785              	190510-F4           	23
V601824             	3.9617              	190510-F4           	24
 			
Process Completed!			
			
End Time:	05/10/2019 13:09		
			
			
Signature: ____________________________________			
