Label Automator® with Weighing Option (version 5.20)

Start Time:	05/15/2019 10:52
Log File:  	201905151052.LOG
Process File:	C:\Bohdan\Automator\Proc\Glasdel2.prc
Operator ID:	Kalle

[GLOBAL SAMPLE PARAMETERS]
--- <Rack Location #01> 4 ml  Rack F1
    Rack ID: 190511-F1
    Sample Input File: C:\Bohdan\Automator\Proc\GLASS\Input\KI20.smp
--- <Rack Location #02> 4 ml  Rack F2
    Rack ID: 190511-F2
    Sample Input File: C:\Bohdan\Automator\Proc\GLASS\Input\KI20.smp
--- <Rack Location #03> 4 ml  Rack F3
    Rack ID: 190511-F3
    Sample Input File: C:\Bohdan\Automator\Proc\GLASS\Input\KI20.smp
--- <Rack Location #04> 4 ml  Rack F4
    Rack ID: 190511-F4
    Sample Input File: C:\Bohdan\Automator\Proc\GLASS\Input\KI20.smp

Report Format: K

[WEIGHT FORMAT]
Weight Unit: g
Weight Range: Coarse
 
[LABEL AND WEIGH]
Labeler Setup File: C:\Bohdan\Automator\Proc\K.par
 
bar code            	weight#1            	rack id             	sample position     
V601825             	3.9683              	190511-F1           	1                   
V601826             	3.9455              	190511-F1           	2                   
V601827             	3.9769              	190511-F1           	3                   
V601828             	3.9909              	190511-F1           	4                   
V601829             	3.9689              	190511-F1           	5                   
V601830             	4.0342              	190511-F1           	6                   
V601831             	3.9775              	190511-F1           	7                   
V601832             	4.0383              	190511-F1           	8                   
V601833             	3.9692              	190511-F1           	9                   
V601834             	4.0707              	190511-F1           	10                  
V601835             	3.9853              	190511-F1           	11                  
V601836             	4.0082              	190511-F1           	12                  
V601837             	3.9522              	190511-F1           	13                  
V601838             	3.9212              	190511-F1           	14                  
V601839             	4.0053              	190511-F1           	15                  
V601840             	3.9778              	190511-F1           	16                  
V601841             	3.9441              	190511-F1           	17                  
V601842             	4.0648              	190511-F1           	18                  
V601843             	4.0376              	190511-F1           	19                  
V601844             	4.0238              	190511-F1           	20                  
V601845             	4.0442              	190511-F1           	21                  
V601846             	4.0562              	190511-F1           	22                  
V601847             	4.0869              	190511-F1           	23                  
V601848             	3.9355              	190511-F1           	24                  
V601849             	3.9253              	190511-F2           	1                   
V601850             	3.9639              	190511-F2           	2                   
V601851             	4.0315              	190511-F2           	3                   
V601852             	4.0325              	190511-F2           	4                   
V601853             	3.9950              	190511-F2           	5                   
V601854             	4.0162              	190511-F2           	6                   
V601855             	4.0051              	190511-F2           	7                   
V601856             	3.9820              	190511-F2           	8                   
V601857             	3.9727              	190511-F2           	9                   
V601858             	4.0707              	190511-F2           	10                  
V601859             	3.9857              	190511-F2           	11                  
V601860             	4.0620              	190511-F2           	12                  
V601861             	4.0358              	190511-F2           	13                  
V601862             	3.9845              	190511-F2           	14                  
V601863             	4.0536              	190511-F2           	15                  
V601864             	3.9499              	190511-F2           	16                  
V601865             	3.9318              	190511-F2           	17                  
V601866             	4.0523              	190511-F2           	18                  
V601867             	4.0504              	190511-F2           	19                  
V601868             	3.9464              	190511-F2           	20                  
V601869             	3.9640              	190511-F2           	21                  
V601870             	3.9800              	190511-F2           	22                  
V601871             	3.8871              	190511-F2           	23                  
V601872             	4.0134              	190511-F2           	24                  
V601873             	3.9701              	190511-F3           	1                   
V601874             	4.0260              	190511-F3           	2                   
V601875             	3.9472              	190511-F3           	3                   
V601876             	3.9439              	190511-F3           	4                   
V601877             	3.9064              	190511-F3           	5                   
V601878             	3.9494              	190511-F3           	6                   
V601879             	3.9697              	190511-F3           	7                   
V601880             	3.9586              	190511-F3           	8                   
V601881             	3.9981              	190511-F3           	9                   
V601882             	3.9832              	190511-F3           	10                  
V601883             	3.9207              	190511-F3           	11                  
V601884             	3.9492              	190511-F3           	12                  
V601885             	3.8883              	190511-F3           	13                  
V601886             	4.0022              	190511-F3           	14                  
V601887             	3.9356              	190511-F3           	15                  
V601888             	4.0964              	190511-F3           	16                  
V601889             	3.9261              	190511-F3           	17                  
V601890             	4.0565              	190511-F3           	18                  
V601891             	3.9819              	190511-F3           	19                  
V601892             	3.9087              	190511-F3           	20                  
V601893             	3.9525              	190511-F3           	21                  
V601894             	3.9238              	190511-F3           	22                  
V601895             	3.9244              	190511-F3           	23                  
V601896             	4.0206              	190511-F3           	24                  
V601897             	4.0074              	190511-F4           	1                   
V601898             	4.0395              	190511-F4           	2                   
V601899             	3.8870              	190511-F4           	3                   
V601900             	4.0615              	190511-F4           	4                   
V601901             	4.0191              	190511-F4           	5                   
V601902             	4.0221              	190511-F4           	6                   
V601903             	4.0611              	190511-F4           	7                   
V601904             	3.9232              	190511-F4           	8                   
V601905             	3.9575              	190511-F4           	9                   
V601906             	3.9640              	190511-F4           	10                  
V601907             	3.9952              	190511-F4           	11                  
V601908             	4.0199              	190511-F4           	12                  
V601909             	3.9410              	190511-F4           	13                  
V601910             	4.0252              	190511-F4           	14                  
V601911             	3.9837              	190511-F4           	15                  
V601912             	4.0091              	190511-F4           	16                  
V601913             	4.0178              	190511-F4           	17                  
V601914             	3.9276              	190511-F4           	18                  
V601915             	3.9231              	190511-F4           	19                  
V601916             	3.9106              	190511-F4           	20                  
V601917             	4.0536              	190511-F4           	21                  
V601918             	3.9471              	190511-F4           	22                  
V601919             	4.0059              	190511-F4           	23                  
V601920             	4.0211              	190511-F4           	24                  
 
Process Completed!

End Time:	05/15/2019 12:57


Signature: ____________________________________
