Label Automator® with Weighing Option (version 5.20)

Start Time:	11/11/2015 09:03
Log File:  	201506010903.LOG
Process File:	C:\Bohdan\Automator\Proc\GLASS\Glass.prc
Operator ID:	Kalle

[GLOBAL SAMPLE PARAMETERS]
--- <Rack Location #01> 4 ml  Rack F1
    Rack ID: 150601-F1
    Sample Input File: C:\Bohdan\Automator\Proc\GLASS\Input\KI10.smp
--- <Rack Location #02> 4 ml  Rack F2
    Rack ID: 150601-F2
    Sample Input File: C:\Bohdan\Automator\Proc\GLASS\Input\KI10.smp
--- <Rack Location #03> 4 ml  Rack F3
    Rack ID: 150601-F3
    Sample Input File: C:\Bohdan\Automator\Proc\GLASS\Input\KI10.smp
--- <Rack Location #04> 4 ml  Rack F4
    Rack ID: 150601-F4
    Sample Input File: C:\Bohdan\Automator\Proc\GLASS\Input\KI10.smp
--- <Rack Location #05> 4 ml  Rack B1
    Rack ID: 150601-B1
    Sample Input File: C:\Bohdan\Automator\Proc\GLASS\Input\KI10.smp
--- <Rack Location #06> 4 ml  Rack B2
    Rack ID: 150601-B2
    Sample Input File: C:\Bohdan\Automator\Proc\GLASS\Input\KI10.smp
--- <Rack Location #07> 4 ml  Rack B3
    Rack ID: 150601-B3
    Sample Input File: C:\Bohdan\Automator\Proc\GLASS\Input\KI10.smp
--- <Rack Location #08> 4 ml  Rack B4
    Rack ID: 150601-B4
    Sample Input File: C:\Bohdan\Automator\Proc\GLASS\Input\KI10.smp

Report Format: In

[WEIGHT FORMAT]
Weight Unit: g
Weight Range: Coarse
 
[LABEL AND WEIGH]
Labeler Setup File: C:\Bohdan\Automator\Proc\GLASS\16mm.par
 
bar code            	weight#1            	rack id             	sample position     
V205373	4.84348	160224-F1           	1
V205374	4.89452	160224-F1           	2
V205375	4.96165	160224-F1           	3
V205376	4.87745	160224-F1           	4
V205377	4.93939	160224-F1           	5
V205378	4.91707	160224-F1           	6
V205379	4.84043	160224-F1           	7
V205380	4.91023	160224-F1           	8
V205381	4.86686	160224-F1           	9
V205382	4.87942	160224-F1           	10
V205383	4.9073	160224-F1           	11
V205384	4.93288	160224-F1           	12
V205385	4.87444	160224-F1           	13
V205386	4.95262	160224-F1           	14
V205387	4.91672	160224-F1           	15
V205388	4.8756	160224-F1           	16
V205389	4.91044	160224-F1           	17
V205390	4.91598	160224-F1           	18
V205391	4.8606	160224-F1           	19
V205392	4.87342	160224-F1           	20
V205393	4.87211	160224-F1           	21
V205394	4.93388	160224-F1           	22
V205395	4.92202	160224-F1           	23
V205396	4.90645	160224-F1           	24
V205397	4.87243	160224-F2           	1
V205398	4.90508	160224-F2           	2
V205399	4.92715	160224-F2           	3
V205400	4.81457	160224-F2           	4
V205401	4.90716	160224-F2           	5
V205403	4.95974	160224-F2           	6
V205402	4.91541	160224-F2           	7
V205404	4.86673	160224-F2           	8
V205405	4.89611	160224-F2           	9
V205406	4.90058	160224-F2           	10
V205407	4.8715	160224-F2           	11
V205408	4.90559	160224-F2           	12
V205409	4.86886	160224-F2           	13
V205410	4.8964	160224-F2           	14
V205411	4.91076	160224-F2           	15
V205412	4.8859	160224-F2           	16
V205413	4.96537	160224-F2           	17
V205414	4.92152	160224-F2           	18
V205415	4.84927	160224-F2           	19
V205416	4.92316	160224-F2           	20
V205417	4.89054	160224-F2           	21
V205418	4.8832	160224-F2           	22
V205419	4.88928	160224-F2           	23
V205420	4.8747	160224-F2           	24
V205421	4.84425	160224-F3           	1
V205422	4.85004	160224-F3           	2
V205423	4.89043	160224-F3           	3
V205424	4.88299	160224-F3           	4
V205425	4.87955	160224-F3           	5
V205426	4.91124	160224-F3           	6
V205427	4.85713	160224-F3           	7
V205428	4.83463	160224-F3           	8
V205429	4.85781	160224-F3           	9
V205430	4.90381	160224-F3           	10
V205431	4.92294	160224-F3           	11
V205432	4.84457	160224-F3           	12
V205433	4.97091	160224-F3           	13
V205434	4.82325	160224-F3           	14
V205435	4.87751	160224-F3           	15
V205436	4.86572	160224-F3           	16
V205437	4.8803	160224-F3           	17
V205438	4.92521	160224-F3           	18
V205439	4.8558	160224-F3           	19
V205440	4.83427	160224-F3           	20
V205441	4.83409	160224-F3           	21
V205442	4.88046	160224-F3           	22
V205443	4.94498	160224-F3           	23
V205444	4.87569	160224-F3           	24
V205445	4.89662	160224-F4           	1
V205446	4.94491	160224-F4           	2
V205447	4.91897	160224-F4           	3
V205448	4.88066	160224-F4           	4
V205449	4.96143	160224-F4           	5
V205450	4.89189	160224-F4           	6
V205451	4.89472	160224-F4           	7
V205452	4.89644	160224-F4           	8
V205453	4.90319	160224-F4           	9
V205454	4.90567	160224-F4           	10
V205455	4.98469	160224-F4           	11
V205456	4.90122	160224-F4           	12
V205457	4.92096	160224-F4           	13
V205458	4.9522	160224-F4           	14
V205459	4.92742	160224-F4           	15
V205460	4.91489	160224-F4           	16
V205461	4.88312	160224-F4           	17         
Process Completed!

End Time:	11/11/2015 13:47


Signature: ____________________________________
