Label Automator® with Weighing Option (version 5.20)

Start Time:	11/11/2015 09:03
Log File:  	201506010903.LOG
Process File:	C:\Bohdan\Automator\Proc\GLASS\Glass.prc
Operator ID:	Kalle

[GLOBAL SAMPLE PARAMETERS]
--- <Rack Location #01> 4 ml  Rack F1
    Rack ID: 150601-F1
    Sample Input File: C:\Bohdan\Automator\Proc\GLASS\Input\KI10.smp
--- <Rack Location #02> 4 ml  Rack F2
    Rack ID: 150601-F2
    Sample Input File: C:\Bohdan\Automator\Proc\GLASS\Input\KI10.smp
--- <Rack Location #03> 4 ml  Rack F3
    Rack ID: 150601-F3
    Sample Input File: C:\Bohdan\Automator\Proc\GLASS\Input\KI10.smp
--- <Rack Location #04> 4 ml  Rack F4
    Rack ID: 150601-F4
    Sample Input File: C:\Bohdan\Automator\Proc\GLASS\Input\KI10.smp
--- <Rack Location #05> 4 ml  Rack B1
    Rack ID: 150601-B1
    Sample Input File: C:\Bohdan\Automator\Proc\GLASS\Input\KI10.smp
--- <Rack Location #06> 4 ml  Rack B2
    Rack ID: 150601-B2
    Sample Input File: C:\Bohdan\Automator\Proc\GLASS\Input\KI10.smp
--- <Rack Location #07> 4 ml  Rack B3
    Rack ID: 150601-B3
    Sample Input File: C:\Bohdan\Automator\Proc\GLASS\Input\KI10.smp
--- <Rack Location #08> 4 ml  Rack B4
    Rack ID: 150601-B4
    Sample Input File: C:\Bohdan\Automator\Proc\GLASS\Input\KI10.smp

Report Format: In

[WEIGHT FORMAT]
Weight Unit: g
Weight Range: Coarse
 
[LABEL AND WEIGH]
Labeler Setup File: C:\Bohdan\Automator\Proc\GLASS\16mm.par
 
bar code            	weight#1            	rack id             	sample position     
V205553	4.89401	160229-F1           	1
V205554	4.87222	160229-F1           	2
V205555	4.87744	160229-F1           	3
V205556	4.97364	160229-F1           	4
V205557	4.97803	160229-F1           	5
V205558	4.8792	160229-F1           	6
V205559	4.89082	160229-F1           	7
V205560	4.88036	160229-F1           	8
V205561	4.91549	160229-F1           	9
V205562	4.89339	160229-F1           	10
V205563	4.95212	160229-F1           	11
V205545	4.89694	160229-F1           	12
V205544	4.89357	160229-F1           	13
V205543	4.86201	160229-F1           	14
V205542	4.88383	160229-F1           	15
V205541	4.90684	160229-F1           	16
V205540	4.9529	160229-F1           	17
V205539	4.92708	160229-F1           	18
V205538	4.89896	160229-F1           	19
V205537	4.88653	160229-F1           	20
V205536	4.92718	160229-F1           	21
V205535	4.86311	160229-F1           	22
V205534	4.94731	160229-F1           	23
V205533	4.88228	160229-F1           	24
V205532	4.9548	160229-F2           	1
V205531	4.8994	160229-F2           	2
V205530	4.87013	160229-F2           	3
V205529	4.88619	160229-F2           	4
V205528	4.85209	160229-F2           	5
V205527	4.86169	160229-F2           	6
V205526	4.94125	160229-F2           	7
V205525	4.90624	160229-F2           	8
V205524	4.85955	160229-F2           	9
V205523	4.98164	160229-F2           	10
V205522	4.89919	160229-F2           	11
V205521	4.86146	160229-F2           	12
V205520	4.79334	160229-F2           	13
V205519	4.92391	160229-F2           	14
V205518	4.90496	160229-F2           	15
V205517	4.92053	160229-F2           	16
V205516	4.89074	160229-F2           	17
V205515	4.87044	160229-F2           	18
V205514	4.83553	160229-F2           	19
V205513	4.82635	160229-F2           	20
V205512	4.84511	160229-F2           	21
V205511	4.89579	160229-F2           	22
V205510	4.8575	160229-F2           	23
V205509	4.89933	160229-F2           	24
V205508	4.97318	160229-F3           	1
V205507	4.9138	160229-F3           	2
V205506	4.85855	160229-F3           	3
V205505	4.87834	160229-F3           	4
V205504	4.86878	160229-F3           	5
V205503	4.87022	160229-F3           	6
V205502	4.88266	160229-F3           	7
V205501	4.8727	160229-F3           	8
V205500	4.88077	160229-F3           	9
V205499	4.89885	160229-F3           	10
V205498	4.91393	160229-F3           	11
Process Completed!

End Time:	11/11/2015 13:47


Signature: ____________________________________
