Label Automator® with Weighing Option (version 5.20)			
			
Start Time:	06/03/2019 10:56		
Log File:  	201906031056.LOG		
Process File:	C:\Bohdan\Automator\Proc\Glasdel2.prc		
Operator ID:	Kalle		
			
[GLOBAL SAMPLE PARAMETERS]			
--- <Rack Location #01> 4 ml  Rack F1			
    Rack ID: 190531-F1			
    Sample Input File: C:\Bohdan\Automator\Proc\GLASS\Input\SciL05.smp			
--- <Rack Location #02> 4 ml  Rack F2			
    Rack ID: 190531-F2			
    Sample Input File: C:\Bohdan\Automator\Proc\GLASS\Input\SciL05.smp			
--- <Rack Location #03> 4 ml  Rack F3			
    Rack ID: 190531-F3			
    Sample Input File: C:\Bohdan\Automator\Proc\GLASS\Input\SciL05.smp			
--- <Rack Location #04> 4 ml  Rack F4			
    Rack ID: 190531-F4			
    Sample Input File: C:\Bohdan\Automator\Proc\GLASS\Input\SciL05.smp			
			
Report Format: K			
			
[WEIGHT FORMAT]			
Weight Unit: g			
Weight Range: Coarse			
 			
[LABEL AND WEIGH]			
Labeler Setup File: C:\Bohdan\Automator\Proc\K.par			
 			
bar code            	weight#1            	rack id             	sample position     
V602385             	4.0208              	190531-F1           	1
V602386             	4.0003              	190531-F1           	2
V602387             	3.9956              	190531-F1           	3
V602388             	4.0682              	190531-F1           	4
V602389             	4.0372              	190531-F1           	5
V602390             	3.9663              	190531-F1           	6
V602391             	4.0336              	190531-F1           	7
V602392             	4.0105              	190531-F1           	8
V602393             	4.0357              	190531-F1           	9
V602394             	4.0059              	190531-F1           	10
V602395             	4.0236              	190531-F1           	11
V602396             	4.0012              	190531-F1           	12
V602397             	3.9470              	190531-F1           	13
V602398             	4.0689              	190531-F1           	14
V602399             	4.0151              	190531-F1           	15
V602400             	3.9781              	190531-F1           	16
V602401             	3.9502              	190531-F1           	17
V602402             	3.9738              	190531-F1           	18
V602403             	3.9398              	190531-F1           	19
V602404             	3.9949              	190531-F1           	20
V602405             	3.9759              	190531-F1           	21
V602406             	3.9198              	190531-F1           	22
V602407             	3.9670              	190531-F1           	23
V602408             	4.0373              	190531-F1           	24
V602409             	3.9973              	190531-F2           	1
V602410             	3.9678              	190531-F2           	2
V602411             	4.0401              	190531-F2           	3
V602412             	3.8931              	190531-F2           	4
V602413             	4.0021              	190531-F2           	5
V602414             	3.9273              	190531-F2           	6
V602415             	4.0610              	190531-F2           	7
V602416             	4.0716              	190531-F2           	8
V602417             	3.9123              	190531-F2           	9
V602418             	3.9945              	190531-F2           	10
V602419             	3.9894              	190531-F2           	11
V602420             	3.9154              	190531-F2           	12
V602421             	4.0427              	190531-F2           	13
V602422             	4.0000              	190531-F2           	14
V602423             	3.9979              	190531-F2           	15
V602424             	3.9769              	190531-F2           	16
V602425             	3.9613              	190531-F2           	17
V602426             	4.0142              	190531-F2           	18
V602427             	3.9636              	190531-F2           	19
V602428             	3.9120              	190531-F2           	20
V602429             	3.9863              	190531-F2           	21
V602430             	4.0069              	190531-F2           	22
V602431             	4.0260              	190531-F2           	23
V602432             	3.9979              	190531-F2           	24
V602433             	3.9218              	190531-F3           	1
V602434             	3.9116              	190531-F3           	2
V602435             	4.0434              	190531-F3           	3
V602436             	3.9843              	190531-F3           	4
V602437             	3.9754              	190531-F3           	5
V602438             	3.9634              	190531-F3           	6
V602439             	4.0214              	190531-F3           	7
V602440             	3.9830              	190531-F3           	8
V602441             	4.0107              	190531-F3           	9
V602442             	3.9675              	190531-F3           	10
V602443             	3.9976              	190531-F3           	11
V602444             	3.9992              	190531-F3           	12
V602445             	4.0709              	190531-F3           	13
V602446             	3.9610              	190531-F3           	14
V602447             	3.9799              	190531-F3           	15
V602448             	4.0187              	190531-F3           	16
V602449             	3.9138              	190531-F3           	17
V602450             	4.0126              	190531-F3           	18
V602451             	3.9466              	190531-F3           	19
V602452             	3.9708              	190531-F3           	20
V602453             	4.0164              	190531-F3           	21
V602454             	3.9893              	190531-F3           	22
V602455             	3.9435              	190531-F3           	23
V602456             	4.0408              	190531-F3           	24
V602457             	3.9176              	190531-F4           	1
V602458             	3.9288              	190531-F4           	2
V602459             	4.0386              	190531-F4           	3
V602460             	4.0357              	190531-F4           	4
V602461             	3.9564              	190531-F4           	5
V602462             	4.0134              	190531-F4           	6
V602463             	4.0787              	190531-F4           	7
V602464             	3.8968              	190531-F4           	8
V602465             	3.9503              	190531-F4           	9
V602466             	3.9327              	190531-F4           	10
V602467             	3.9765              	190531-F4           	11
V602468             	4.0615              	190531-F4           	12
V602469             	3.9956              	190531-F4           	13
V602470             	4.0156              	190531-F4           	14
V602471             	4.0106              	190531-F4           	15
V602472             	3.9454              	190531-F4           	16
V602473             	3.9024              	190531-F4           	17
V602474             	3.9174              	190531-F4           	18
V602475             	3.9315              	190531-F4           	19
V602476             	4.0162              	190531-F4           	20
V602477             	4.0209              	190531-F4           	21
V602478             	3.9171              	190531-F4           	22
V602479             	4.0410              	190531-F4           	23
V602480             	3.9262              	190531-F4           	24
 			
Process Completed!			
			
End Time:	06/03/2019 13:01		
			
			
Signature: ____________________________________			
