Label Automator® with Weighing Option (version 5.20)

Start Time:	06/04/2019 10:40
Log File:  	201906041040.LOG
Process File:	C:\Bohdan\Automator\Proc\Glasdel2.prc
Operator ID:	Kalle

[GLOBAL SAMPLE PARAMETERS]
--- <Rack Location #01> 4 ml  Rack F1
    Rack ID: 190602-F1
    Sample Input File: C:\Bohdan\Automator\Proc\GLASS\Input\SciL07.smp
--- <Rack Location #02> 4 ml  Rack F2
    Rack ID: 190602-F2
    Sample Input File: C:\Bohdan\Automator\Proc\GLASS\Input\SciL07.smp
--- <Rack Location #03> 4 ml  Rack F3
    Rack ID: 190602-F3
    Sample Input File: C:\Bohdan\Automator\Proc\GLASS\Input\SciL07.smp
--- <Rack Location #04> 4 ml  Rack F4
    Rack ID: 190602-F4
    Sample Input File: C:\Bohdan\Automator\Proc\GLASS\Input\SciL07.smp

Report Format: K

[WEIGHT FORMAT]
Weight Unit: g
Weight Range: Coarse
 
[LABEL AND WEIGH]
Labeler Setup File: C:\Bohdan\Automator\Proc\K.par
 
bar code            	weight#1            	rack id             	sample position     
V602577             	4.0179              	190602-F1           	1                   
V602578             	4.0164              	190602-F1           	2                   
V602579             	3.9711              	190602-F1           	3                   
V602580             	3.9146              	190602-F1           	4                   
V602581             	3.9181              	190602-F1           	5                   
V602582             	4.0332              	190602-F1           	6                   
V602583             	3.9241              	190602-F1           	7                   
V602584             	3.9696              	190602-F1           	8                   
V602585             	3.9827              	190602-F1           	9                   
V602586             	3.9291              	190602-F1           	10                  
V602587             	4.0428              	190602-F1           	11                  
V602588             	4.0173              	190602-F1           	12                  
V602589             	3.9622              	190602-F1           	13                  
V602590             	3.9960              	190602-F1           	14                  
V602591             	4.0199              	190602-F1           	15                  
V602592             	4.0309              	190602-F1           	16                  
V602593             	3.9226              	190602-F1           	17                  
V602594             	3.8973              	190602-F1           	18                  
V602595             	3.9243              	190602-F1           	19                  
V602596             	4.0938              	190602-F1           	20                  
V602597             	4.0648              	190602-F1           	21                  
V602598             	4.0105              	190602-F1           	22                  
V602599             	3.9258              	190602-F1           	23                  
V602600             	4.0018              	190602-F1           	24                  
V602601             	4.0578              	190602-F2           	1                   
V602602             	3.9267              	190602-F2           	2                   
V602603             	4.0122              	190602-F2           	3                   
V602604             	3.8953              	190602-F2           	4                   
V602605             	3.9432              	190602-F2           	5                   
V602606             	4.0350              	190602-F2           	6                   
V602607             	4.0358              	190602-F2           	7                   
V602608             	3.9321              	190602-F2           	8                   
V602609             	3.9990              	190602-F2           	9                   
V602610             	3.9762              	190602-F2           	10                  
V602611             	4.0231              	190602-F2           	11                  
V602612             	3.9390              	190602-F2           	12                  
V602613             	3.9867              	190602-F2           	13                  
V602614             	3.9121              	190602-F2           	14                  
V602615             	3.9517              	190602-F2           	15                  
V602616             	3.9412              	190602-F2           	16                  
V602617             	3.9547              	190602-F2           	17                  
V602618             	3.9953              	190602-F2           	18                  
V602619             	3.9028              	190602-F2           	19                  
V602620             	3.9292              	190602-F2           	20                  
V602621             	3.9967              	190602-F2           	21                  
V602622             	3.9752              	190602-F2           	22                  
V602623             	3.9983              	190602-F2           	23                  
V602624             	4.0281              	190602-F2           	24                  
V602625             	3.9799              	190602-F3           	1                   
V602626             	3.8754              	190602-F3           	2                   
V602627             	4.0511              	190602-F3           	3                   
V602628             	3.9651              	190602-F3           	4                   
V602629             	4.0744              	190602-F3           	5                   
V602630             	3.9825              	190602-F3           	6                   
V602631             	3.9812              	190602-F3           	7                   
V602632             	4.0238              	190602-F3           	8                   
V602633             	3.8944              	190602-F3           	9                   
V602634             	4.0317              	190602-F3           	10                  
V602635             	4.0598              	190602-F3           	11                  
V602636             	3.9832              	190602-F3           	12                  
V602637             	3.9311              	190602-F3           	13                  
V602638             	3.9814              	190602-F3           	14                  
V602639             	4.0390              	190602-F3           	15                  
V602640             	4.0379              	190602-F3           	16                  
V602641             	3.9343              	190602-F3           	17                  
V602642             	4.0187              	190602-F3           	18                  
V602643             	3.9879              	190602-F3           	19                  
V602644             	4.0716              	190602-F3           	20                  
V602645             	3.9536              	190602-F3           	21                  
V602646             	3.9455              	190602-F3           	22                  
V602647             	4.0490              	190602-F3           	23                  
V602648             	3.8911              	190602-F3           	24                  
V602649             	4.0129              	190602-F4           	1                   
V602650             	3.9375              	190602-F4           	2                   
V602651             	4.0336              	190602-F4           	3                   
V602652             	4.0022              	190602-F4           	4                   
V602653             	4.0418              	190602-F4           	5                   
V602654             	3.9114              	190602-F4           	6                   
V602655             	3.9743              	190602-F4           	7                   
V602656             	4.0282              	190602-F4           	8                   
V602657             	3.9502              	190602-F4           	9                   
V602658             	3.9611              	190602-F4           	10                  
V602659             	3.9194              	190602-F4           	11                  
V602660             	3.9103              	190602-F4           	12                  
V602661             	4.0134              	190602-F4           	13                  
V602662             	3.9949              	190602-F4           	14                  
V602663             	3.9975              	190602-F4           	15                  
V602664             	3.9814              	190602-F4           	16                  
V602665             	3.9978              	190602-F4           	17                  
V602666             	3.9239              	190602-F4           	18                  
V602667             	3.9223              	190602-F4           	19                  
V602668             	3.9557              	190602-F4           	20                  
V602669             	3.9122              	190602-F4           	21                  
V602670             	3.9565              	190602-F4           	22                  
V602671             	3.9920              	190602-F4           	23                  
V602672             	3.9424              	190602-F4           	24                  
 
Process Completed!

End Time:	06/04/2019 12:46


Signature: ____________________________________
