Label Automator® with Weighing Option (version 5.20)			
			
Start Time:	06/17/2019 12:02		
Log File:  	201906171202.LOG		
Process File:	C:\Bohdan\Automator\Proc\Glasdel2.prc		
Operator ID:	Kalle		
			
[GLOBAL SAMPLE PARAMETERS]			
--- <Rack Location #01> 4 ml  Rack F1			
    Rack ID: 190611-F1			
    Sample Input File: C:\Bohdan\Automator\Proc\GLASS\Input\SciL16.smp			
--- <Rack Location #02> 4 ml  Rack F2			
    Rack ID: 190611-F2			
    Sample Input File: C:\Bohdan\Automator\Proc\GLASS\Input\SciL16.smp			
--- <Rack Location #03> 4 ml  Rack F3			
    Rack ID: 190611-F3			
    Sample Input File: C:\Bohdan\Automator\Proc\GLASS\Input\SciL16.smp			
--- <Rack Location #04> 4 ml  Rack F4			
    Rack ID: 190611-F4			
    Sample Input File: C:\Bohdan\Automator\Proc\GLASS\Input\SciL16.smp			
			
Report Format: K			
			
[WEIGHT FORMAT]			
Weight Unit: g			
Weight Range: Coarse			
 			
[LABEL AND WEIGH]			
Labeler Setup File: C:\Bohdan\Automator\Proc\K.par			
 			
bar code            	weight#1            	rack id             	sample position     
V603441             	3.9812              	190611-F1           	1
V603442             	3.9518              	190611-F1           	2
V603443             	4.0022              	190611-F1           	3
V603444             	3.9532              	190611-F1           	4
V603445             	3.9254              	190611-F1           	5
V603446             	4.0131              	190611-F1           	6
V603447             	4.0164              	190611-F1           	7
V603448             	4.0020              	190611-F1           	8
V603449             	4.0366              	190611-F1           	9
V603450             	4.0209              	190611-F1           	10
V603451             	4.0007              	190611-F1           	11
V603452             	4.0078              	190611-F1           	12
V603453             	3.9992              	190611-F1           	13
V603454             	3.9538              	190611-F1           	14
V603455             	3.9881              	190611-F1           	15
V603456             	4.0313              	190611-F1           	16
V603457             	4.0311              	190611-F1           	17
V603458             	4.0060              	190611-F1           	18
V603459             	3.9478              	190611-F1           	19
V603460             	4.0239              	190611-F1           	20
V603461             	4.0419              	190611-F1           	21
V603462             	4.0229              	190611-F1           	22
V603463             	4.0630              	190611-F1           	23
V603464             	4.0281              	190611-F1           	24
V603465             	4.0157              	190611-F2           	1
V603466             	3.9695              	190611-F2           	2
V603467             	4.0447              	190611-F2           	3
V603468             	3.9197              	190611-F2           	4
V603469             	3.9240              	190611-F2           	5
V603470             	3.9024              	190611-F2           	6
V603471             	3.9507              	190611-F2           	7
V603472             	4.0422              	190611-F2           	8
V603473             	4.0223              	190611-F2           	9
V603474             	3.9629              	190611-F2           	10
V603475             	4.0116              	190611-F2           	11
V603476             	4.0040              	190611-F2           	12
V603477             	3.9867              	190611-F2           	13
V603478             	4.0664              	190611-F2           	14
V603479             	3.9582              	190611-F2           	15
V603480             	3.9970              	190611-F2           	16
V603481             	4.0068              	190611-F2           	17
V603482             	3.9334              	190611-F2           	18
V603483             	3.8740              	190611-F2           	19
V603484             	3.9069              	190611-F2           	20
V603485             	3.9723              	190611-F2           	21
V603486             	3.9872              	190611-F2           	22
V603487             	3.9487              	190611-F2           	23
V603488             	3.9471              	190611-F2           	24
V603489             	4.0032              	190611-F3           	1
V603490             	3.9527              	190611-F3           	2
V603491             	3.9205              	190611-F3           	3
V603492             	4.0730              	190611-F3           	4
V603493             	3.9297              	190611-F3           	5
V603494             	3.9621              	190611-F3           	6
V603495             	4.0112              	190611-F3           	7
V603496             	3.9569              	190611-F3           	8
V603497             	3.9629              	190611-F3           	9
V603498             	4.0196              	190611-F3           	10
V603499             	3.9964              	190611-F3           	11
V603500             	3.9843              	190611-F3           	12
V603501             	3.9885              	190611-F3           	13
V603502             	3.9248              	190611-F3           	14
V603503             	4.0069              	190611-F3           	15
V603504             	4.0111              	190611-F3           	16
V603505             	3.9990              	190611-F3           	17
V603506             	3.9270              	190611-F3           	18
V603507             	4.0467              	190611-F3           	19
V603508             	3.9642              	190611-F3           	20
V603509             	3.9735              	190611-F3           	21
V603510             	3.9473              	190611-F3           	22
V603511             	3.9368              	190611-F3           	23
V603512             	3.9931              	190611-F3           	24
V603513             	4.0413              	190611-F4           	1
V603514             	4.0367              	190611-F4           	2
V603515             	3.9996              	190611-F4           	3
V603516             	3.9427              	190611-F4           	4
V603517             	3.9431              	190611-F4           	5
V603518             	3.9203              	190611-F4           	6
V603519             	4.0051              	190611-F4           	7
V603520             	3.9486              	190611-F4           	8
V603521             	3.9169              	190611-F4           	9
V603522             	4.0650              	190611-F4           	10
V603523             	3.9272              	190611-F4           	11
V603524             	4.0338              	190611-F4           	12
V603525             	3.9886              	190611-F4           	13
V603526             	3.9921              	190611-F4           	14
V603527             	3.9344              	190611-F4           	15
V603528             	3.9420              	190611-F4           	16
V603529             	4.0280              	190611-F4           	17
V603530             	4.0356              	190611-F4           	18
V603531             	3.9966              	190611-F4           	19
V603532             	4.0314              	190611-F4           	20
V603533             	3.9681              	190611-F4           	21
V603534             	3.9235              	190611-F4           	22
V603535             	3.9186              	190611-F4           	23
V603536             	3.9284              	190611-F4           	24
 			
Process Completed!			
			
End Time:	06/17/2019 14:07		
			
			
Signature: ____________________________________			
