Label Automator® with Weighing Option (version 5.20)			
			
Start Time:	06/24/2019 11:13		
Log File:  	201906241113.LOG		
Process File:	C:\Bohdan\Automator\Proc\Glasdel2.prc		
Operator ID:	Kalle		
			
[GLOBAL SAMPLE PARAMETERS]			
--- <Rack Location #01> 4 ml  Rack F1			
    Rack ID: 190624-F1			
    Sample Input File: C:\Bohdan\Automator\Proc\GLASS\Input\SciL18.smp			
--- <Rack Location #02> 4 ml  Rack F2			
    Rack ID: 190624-F2			
    Sample Input File: C:\Bohdan\Automator\Proc\GLASS\Input\SciL18.smp			
--- <Rack Location #03> 4 ml  Rack F3			
    Rack ID: 190624-F3			
    Sample Input File: C:\Bohdan\Automator\Proc\GLASS\Input\SciL18.smp			
--- <Rack Location #04> 4 ml  Rack F4			
    Rack ID: 190624-F4			
    Sample Input File: C:\Bohdan\Automator\Proc\GLASS\Input\SciL18.smp			
			
Report Format: K			
			
[WEIGHT FORMAT]			
Weight Unit: g			
Weight Range: Coarse			
 			
[LABEL AND WEIGH]			
Labeler Setup File: C:\Bohdan\Automator\Proc\K.par			
 			
bar code            	weight#1            	rack id             	sample position     
V603633             	3.9868              	190624-F1           	1
V603634             	4.0597              	190624-F1           	2
V603635             	3.9242              	190624-F1           	3
V603636             	4.0483              	190624-F1           	4
V603637             	3.9510              	190624-F1           	5
V603638             	3.9841              	190624-F1           	6
V603639             	3.9231              	190624-F1           	7
V603640             	3.8668              	190624-F1           	8
V603641             	3.9742              	190624-F1           	9
V603642             	3.9850              	190624-F1           	10
V603643             	4.0533              	190624-F1           	11
V603644             	4.0567              	190624-F1           	12
V603645             	3.9782              	190624-F1           	13
V603646             	3.9081              	190624-F1           	14
V603647             	4.0012              	190624-F1           	15
V603648             	3.9914              	190624-F1           	16
V603649             	4.0087              	190624-F1           	17
V603650             	3.9388              	190624-F1           	18
V603651             	3.9810              	190624-F1           	19
V603652             	3.9331              	190624-F1           	20
V603653             	4.0578              	190624-F1           	21
V603654             	4.0537              	190624-F1           	22
V603655             	3.9950              	190624-F1           	23
V603656             	3.9780              	190624-F1           	24
V603657             	3.9007              	190624-F2           	1
V603658             	3.9112              	190624-F2           	2
V603659             	3.9843              	190624-F2           	3
V603660             	3.9750              	190624-F2           	4
V603661             	4.0249              	190624-F2           	5
V603662             	3.9416              	190624-F2           	6
V603663             	3.9786              	190624-F2           	7
V603664             	4.0357              	190624-F2           	8
V603665             	3.9811              	190624-F2           	9
V603666             	4.0574              	190624-F2           	10
V603667             	3.9620              	190624-F2           	11
V603668             	3.9531              	190624-F2           	12
V603669             	3.9570              	190624-F2           	13
V603670             	4.0024              	190624-F2           	14
V603671             	3.9785              	190624-F2           	15
V603672             	3.9284              	190624-F2           	16
V603673             	3.9467              	190624-F2           	17
V603674             	3.9341              	190624-F2           	18
V603675             	3.9278              	190624-F2           	19
V603676             	3.9612              	190624-F2           	20
V603677             	4.0353              	190624-F2           	21
V603678             	3.9099              	190624-F2           	22
V603679             	3.9576              	190624-F2           	23
V603680             	3.9802              	190624-F2           	24
V603681             	3.9535              	190624-F3           	1
V603682             	3.9316              	190624-F3           	2
V603683             	3.9268              	190624-F3           	3
V603684             	3.9701              	190624-F3           	4
V603685             	4.0255              	190624-F3           	5
V603686             	3.9139              	190624-F3           	6
V603687             	3.9868              	190624-F3           	7
V603688             	4.0527              	190624-F3           	8
V603689             	4.0191              	190624-F3           	9
V603690             	3.9985              	190624-F3           	10
V603691             	3.9538              	190624-F3           	11
V603692             	3.9955              	190624-F3           	12
V603693             	3.9822              	190624-F3           	13
V603694             	3.9471              	190624-F3           	14
V603695             	3.9579              	190624-F3           	15
V603696             	3.9948              	190624-F3           	16
V603697             	4.0254              	190624-F3           	17
V603698             	4.0167              	190624-F3           	18
V603699             	3.9621              	190624-F3           	19
V603700             	3.9443              	190624-F3           	20
V603701             	3.9844              	190624-F3           	21
V603702             	3.9588              	190624-F3           	22
V603703             	3.9491              	190624-F3           	23
V603704             	3.9616              	190624-F3           	24
V603705             	3.9650              	190624-F4           	1
V603706             	4.0318              	190624-F4           	2
V603707             	3.9007              	190624-F4           	3
V603708             	3.9598              	190624-F4           	4
V603709             	3.9394              	190624-F4           	5
V603710             	3.9495              	190624-F4           	6
V603711             	3.9548              	190624-F4           	7
V603712             	4.0506              	190624-F4           	8
V603713             	3.9527              	190624-F4           	9
V603714             	3.9484              	190624-F4           	10
V603715             	3.9567              	190624-F4           	11
V603716             	3.8936              	190624-F4           	12
V603717             	3.9874              	190624-F4           	13
V603718             	3.9996              	190624-F4           	14
V603719             	4.0527              	190624-F4           	15
V603720             	3.9517              	190624-F4           	16
V603721             	4.0564              	190624-F4           	17
V603722             	4.0447              	190624-F4           	18
V603723             	4.0352              	190624-F4           	19
V603724             	3.9659              	190624-F4           	20
V603725             	3.9420              	190624-F4           	21
V603726             	4.0386              	190624-F4           	22
V603727             	4.0257              	190624-F4           	23
V603728             	3.9672              	190624-F4           	24
 			
Process Completed!			
			
End Time:	06/24/2019 15:55		
			
			
Signature: ____________________________________			
